[2026-03-15T22:58:13.663+0000] {manager.py:469} INFO - Processing files using up to 2 processes at a time 
[2026-03-15T22:58:13.663+0000] {manager.py:470} INFO - Process each file at most once every 30 seconds
[2026-03-15T22:58:13.664+0000] {manager.py:471} INFO - Checking for new files in /opt/airflow/dags every 300 seconds
[2026-03-15T22:58:13.664+0000] {manager.py:738} INFO - Searching for files in /opt/airflow/dags
[2026-03-15T22:58:13.668+0000] {manager.py:741} INFO - There are 1 files in /opt/airflow/dags
[2026-03-15T22:58:13.763+0000] {manager.py:879} INFO - 
================================================================================
DAG File Processing Stats

File Path                                  PID  Runtime      # DAGs    # Errors  Last Runtime    Last Run
---------------------------------------  -----  ---------  --------  ----------  --------------  ----------
/opt/airflow/dags/alphaflow_pipeline.py    171  0.04s             0           0
================================================================================
[2026-03-15T22:58:43.957+0000] {manager.py:879} INFO - 
================================================================================
DAG File Processing Stats

File Path                                PID    Runtime      # DAGs    # Errors  Last Runtime    Last Run
---------------------------------------  -----  ---------  --------  ----------  --------------  -------------------
/opt/airflow/dags/alphaflow_pipeline.py                           1           0  0.37s           2026-03-15T22:58:14
================================================================================
[2026-03-15T22:59:14.666+0000] {manager.py:879} INFO - 
================================================================================
DAG File Processing Stats

File Path                                  PID  Runtime      # DAGs    # Errors  Last Runtime    Last Run
---------------------------------------  -----  ---------  --------  ----------  --------------  -------------------
/opt/airflow/dags/alphaflow_pipeline.py    194  0.01s             1           0  0.12s           2026-03-15T22:58:44
================================================================================
[2026-03-15T22:59:45.018+0000] {manager.py:879} INFO - 
================================================================================
DAG File Processing Stats

File Path                                  PID  Runtime      # DAGs    # Errors  Last Runtime    Last Run
---------------------------------------  -----  ---------  --------  ----------  --------------  -------------------
/opt/airflow/dags/alphaflow_pipeline.py    211  0.01s             1           0  0.09s           2026-03-15T22:59:14
================================================================================
[2026-03-15T23:00:15.342+0000] {manager.py:879} INFO - 
================================================================================
DAG File Processing Stats

File Path                                  PID  Runtime      # DAGs    # Errors  Last Runtime    Last Run
---------------------------------------  -----  ---------  --------  ----------  --------------  -------------------
/opt/airflow/dags/alphaflow_pipeline.py    222  0.00s             1           0  0.09s           2026-03-15T22:59:45
================================================================================
[2026-03-15T23:00:45.640+0000] {manager.py:879} INFO - 
================================================================================
DAG File Processing Stats

File Path                                  PID  Runtime      # DAGs    # Errors  Last Runtime    Last Run
---------------------------------------  -----  ---------  --------  ----------  --------------  -------------------
/opt/airflow/dags/alphaflow_pipeline.py    233  0.01s             1           0  0.09s           2026-03-15T23:00:15
================================================================================
[2026-03-15T23:01:16.013+0000] {manager.py:879} INFO - 
================================================================================
DAG File Processing Stats

File Path                                  PID  Runtime      # DAGs    # Errors  Last Runtime    Last Run
---------------------------------------  -----  ---------  --------  ----------  --------------  -------------------
/opt/airflow/dags/alphaflow_pipeline.py    244  0.01s             1           0  0.10s           2026-03-15T23:00:45
================================================================================
[2026-03-15T23:01:46.303+0000] {manager.py:879} INFO - 
================================================================================
DAG File Processing Stats

File Path                                  PID  Runtime      # DAGs    # Errors  Last Runtime    Last Run
---------------------------------------  -----  ---------  --------  ----------  --------------  -------------------
/opt/airflow/dags/alphaflow_pipeline.py    255  0.01s             1           0  0.15s           2026-03-15T23:01:16
================================================================================
[2026-03-15T23:02:16.610+0000] {manager.py:879} INFO - 
================================================================================
DAG File Processing Stats

File Path                                  PID  Runtime      # DAGs    # Errors  Last Runtime    Last Run
---------------------------------------  -----  ---------  --------  ----------  --------------  -------------------
/opt/airflow/dags/alphaflow_pipeline.py    266  0.01s             1           0  0.11s           2026-03-15T23:01:46
================================================================================
[2026-03-15T23:02:46.916+0000] {manager.py:879} INFO - 
================================================================================
DAG File Processing Stats

File Path                                  PID  Runtime      # DAGs    # Errors  Last Runtime    Last Run
---------------------------------------  -----  ---------  --------  ----------  --------------  -------------------
/opt/airflow/dags/alphaflow_pipeline.py    277  0.02s             1           0  0.10s           2026-03-15T23:02:16
================================================================================
[2026-03-15T23:03:14.206+0000] {manager.py:738} INFO - Searching for files in /opt/airflow/dags
[2026-03-15T23:03:14.215+0000] {manager.py:741} INFO - There are 1 files in /opt/airflow/dags
[2026-03-15T23:03:17.275+0000] {manager.py:879} INFO - 
================================================================================
DAG File Processing Stats

File Path                                  PID  Runtime      # DAGs    # Errors  Last Runtime    Last Run
---------------------------------------  -----  ---------  --------  ----------  --------------  -------------------
/opt/airflow/dags/alphaflow_pipeline.py    288  0.01s             1           0  0.14s           2026-03-15T23:02:47
================================================================================
[2026-03-15T23:03:47.554+0000] {manager.py:879} INFO - 
================================================================================
DAG File Processing Stats

File Path                                  PID  Runtime      # DAGs    # Errors  Last Runtime    Last Run
---------------------------------------  -----  ---------  --------  ----------  --------------  -------------------
/opt/airflow/dags/alphaflow_pipeline.py    299  0.01s             1           0  0.09s           2026-03-15T23:03:17
================================================================================
[2026-03-15T23:04:17.865+0000] {manager.py:879} INFO - 
================================================================================
DAG File Processing Stats

File Path                                  PID  Runtime      # DAGs    # Errors  Last Runtime    Last Run
---------------------------------------  -----  ---------  --------  ----------  --------------  -------------------
/opt/airflow/dags/alphaflow_pipeline.py    310  0.01s             1           0  0.09s           2026-03-15T23:03:47
================================================================================
[2026-03-15T23:04:48.172+0000] {manager.py:879} INFO - 
================================================================================
DAG File Processing Stats

File Path                                  PID  Runtime      # DAGs    # Errors  Last Runtime    Last Run
---------------------------------------  -----  ---------  --------  ----------  --------------  -------------------
/opt/airflow/dags/alphaflow_pipeline.py    321  0.01s             1           0  0.09s           2026-03-15T23:04:17
================================================================================
[2026-03-15T23:05:18.425+0000] {manager.py:879} INFO - 
================================================================================
DAG File Processing Stats

File Path                                  PID  Runtime      # DAGs    # Errors  Last Runtime    Last Run
---------------------------------------  -----  ---------  --------  ----------  --------------  -------------------
/opt/airflow/dags/alphaflow_pipeline.py    332  0.01s             1           0  0.10s           2026-03-15T23:04:48
================================================================================
[2026-03-15T23:05:48.699+0000] {manager.py:879} INFO - 
================================================================================
DAG File Processing Stats

File Path                                  PID  Runtime      # DAGs    # Errors  Last Runtime    Last Run
---------------------------------------  -----  ---------  --------  ----------  --------------  -------------------
/opt/airflow/dags/alphaflow_pipeline.py    344  0.00s             1           0  0.09s           2026-03-15T23:05:18
================================================================================
[2026-03-15T23:06:18.992+0000] {manager.py:879} INFO - 
================================================================================
DAG File Processing Stats

File Path                                  PID  Runtime      # DAGs    # Errors  Last Runtime    Last Run
---------------------------------------  -----  ---------  --------  ----------  --------------  -------------------
/opt/airflow/dags/alphaflow_pipeline.py    355  0.00s             1           0  0.08s           2026-03-15T23:05:48
================================================================================
[2026-03-15T23:06:49.283+0000] {manager.py:879} INFO - 
================================================================================
DAG File Processing Stats

File Path                                  PID  Runtime      # DAGs    # Errors  Last Runtime    Last Run
---------------------------------------  -----  ---------  --------  ----------  --------------  -------------------
/opt/airflow/dags/alphaflow_pipeline.py    366  0.01s             1           0  0.08s           2026-03-15T23:06:19
================================================================================
[2026-03-15T23:07:19.563+0000] {manager.py:879} INFO - 
================================================================================
DAG File Processing Stats

File Path                                  PID  Runtime      # DAGs    # Errors  Last Runtime    Last Run
---------------------------------------  -----  ---------  --------  ----------  --------------  -------------------
/opt/airflow/dags/alphaflow_pipeline.py    377  0.01s             1           0  0.10s           2026-03-15T23:06:49
================================================================================
[2026-03-15T23:07:49.844+0000] {manager.py:879} INFO - 
================================================================================
DAG File Processing Stats

File Path                                  PID  Runtime      # DAGs    # Errors  Last Runtime    Last Run
---------------------------------------  -----  ---------  --------  ----------  --------------  -------------------
/opt/airflow/dags/alphaflow_pipeline.py    388  0.01s             1           0  0.09s           2026-03-15T23:07:19
================================================================================
[2026-03-15T23:08:15.062+0000] {manager.py:738} INFO - Searching for files in /opt/airflow/dags
[2026-03-15T23:08:15.069+0000] {manager.py:741} INFO - There are 1 files in /opt/airflow/dags
[2026-03-15T23:08:20.124+0000] {manager.py:879} INFO - 
================================================================================
DAG File Processing Stats

File Path                                  PID  Runtime      # DAGs    # Errors  Last Runtime    Last Run
---------------------------------------  -----  ---------  --------  ----------  --------------  -------------------
/opt/airflow/dags/alphaflow_pipeline.py    399  0.01s             1           0  0.09s           2026-03-15T23:07:49
================================================================================
[2026-03-15T23:08:50.394+0000] {manager.py:879} INFO - 
================================================================================
DAG File Processing Stats

File Path                                  PID  Runtime      # DAGs    # Errors  Last Runtime    Last Run
---------------------------------------  -----  ---------  --------  ----------  --------------  -------------------
/opt/airflow/dags/alphaflow_pipeline.py    410  0.01s             1           0  0.11s           2026-03-15T23:08:20
================================================================================
[2026-03-15T23:09:20.680+0000] {manager.py:879} INFO - 
================================================================================
DAG File Processing Stats

File Path                                  PID  Runtime      # DAGs    # Errors  Last Runtime    Last Run
---------------------------------------  -----  ---------  --------  ----------  --------------  -------------------
/opt/airflow/dags/alphaflow_pipeline.py    421  0.01s             1           0  0.08s           2026-03-15T23:08:50
================================================================================
[2026-03-15T23:09:50.973+0000] {manager.py:879} INFO - 
================================================================================
DAG File Processing Stats

File Path                                  PID  Runtime      # DAGs    # Errors  Last Runtime    Last Run
---------------------------------------  -----  ---------  --------  ----------  --------------  -------------------
/opt/airflow/dags/alphaflow_pipeline.py    432  0.01s             1           0  0.13s           2026-03-15T23:09:20
================================================================================
[2026-03-15T23:10:21.346+0000] {manager.py:879} INFO - 
================================================================================
DAG File Processing Stats

File Path                                  PID  Runtime      # DAGs    # Errors  Last Runtime    Last Run
---------------------------------------  -----  ---------  --------  ----------  --------------  -------------------
/opt/airflow/dags/alphaflow_pipeline.py    443  0.04s             1           0  0.08s           2026-03-15T23:09:51
================================================================================
[2026-03-15T23:10:51.619+0000] {manager.py:879} INFO - 
================================================================================
DAG File Processing Stats

File Path                                  PID  Runtime      # DAGs    # Errors  Last Runtime    Last Run
---------------------------------------  -----  ---------  --------  ----------  --------------  -------------------
/opt/airflow/dags/alphaflow_pipeline.py    454  0.00s             1           0  0.16s           2026-03-15T23:10:21
================================================================================
[2026-03-15T23:11:21.959+0000] {manager.py:879} INFO - 
================================================================================
DAG File Processing Stats

File Path                                  PID  Runtime      # DAGs    # Errors  Last Runtime    Last Run
---------------------------------------  -----  ---------  --------  ----------  --------------  -------------------
/opt/airflow/dags/alphaflow_pipeline.py    465  0.01s             1           0  0.09s           2026-03-15T23:10:51
================================================================================
[2026-03-15T23:11:52.294+0000] {manager.py:879} INFO - 
================================================================================
DAG File Processing Stats

File Path                                  PID  Runtime      # DAGs    # Errors  Last Runtime    Last Run
---------------------------------------  -----  ---------  --------  ----------  --------------  -------------------
/opt/airflow/dags/alphaflow_pipeline.py    476  0.03s             1           0  0.08s           2026-03-15T23:11:22
================================================================================
[2026-03-15T23:12:22.595+0000] {manager.py:879} INFO - 
================================================================================
DAG File Processing Stats

File Path                                  PID  Runtime      # DAGs    # Errors  Last Runtime    Last Run
---------------------------------------  -----  ---------  --------  ----------  --------------  -------------------
/opt/airflow/dags/alphaflow_pipeline.py    487  0.00s             1           0  0.14s           2026-03-15T23:11:52
================================================================================
